android_org/build/intermediates/manifest_merge_blame_file/debug/manifest-merger-blame-debug-report.txt
1<?xml version="1.0" encoding="utf-8"?>
2<manifest xmlns:android="http://schemas.android.com/apk/res/android"
3    package="expo.modules.expocobra" >
4
5    <uses-sdk android:minSdkVersion="23" />
6
7    <uses-permission android:name="android.permission.RECORD_AUDIO" />
7-->src/main/AndroidManifest.xml:2:5-70
7-->src/main/AndroidManifest.xml:2:22-68
8
9</manifest>